<?xml version="1.0" encoding="UTF-8"?>
<testsuite name="utils.TestJsonUtil" tests="1" skipped="0" failures="0" errors="0" timestamp="2021-01-25T09:39:15" hostname="HUONGNQ" time="0.018">
  <properties/>
  <testcase name="test()" classname="utils.TestJsonUtil" time="0.018"/>
  <system-out><![CDATA[test
]]></system-out>
  <system-err><![CDATA[]]></system-err>
</testsuite>
